2024-05-09 06:50:17 INFO  TC001_AccountRegistrationTest:15 - ***** Starting TC001_AccountRegistrationTest  ****
2024-05-09 06:50:17 INFO  TC001_AccountRegistrationTest:21 - Clicked on MyAccount Link.. 
2024-05-09 06:50:18 INFO  TC001_AccountRegistrationTest:24 - Clicked on Register Link.. 
2024-05-09 06:50:18 INFO  TC001_AccountRegistrationTest:28 - Providing customer details...
2024-05-09 06:50:19 INFO  TC001_AccountRegistrationTest:42 - Validating expected message..
2024-05-09 06:50:19 INFO  TC001_AccountRegistrationTest:47 - Test passed
2024-05-09 06:50:19 INFO  TC001_AccountRegistrationTest:56 - ***** Finished TC001_AccountRegistrationTest *****
2024-05-09 06:50:23 INFO  TC002_LoginTest:16 - ****** Startign TC_002_LoginTest *****
2024-05-09 06:50:25 INFO  TC002_LoginTest:41 - ****** Finished TC_002_LoginTest *****
2024-05-09 07:07:24 INFO  TC001_AccountRegistrationTest:15 - ***** Starting TC001_AccountRegistrationTest  ****
2024-05-09 07:07:24 INFO  TC001_AccountRegistrationTest:21 - Clicked on MyAccount Link.. 
2024-05-09 07:07:24 INFO  TC001_AccountRegistrationTest:24 - Clicked on Register Link.. 
2024-05-09 07:07:24 INFO  TC001_AccountRegistrationTest:28 - Providing customer details...
2024-05-09 07:07:26 INFO  TC001_AccountRegistrationTest:42 - Validating expected message..
2024-05-09 07:07:26 INFO  TC001_AccountRegistrationTest:47 - Test passed
2024-05-09 07:07:26 INFO  TC001_AccountRegistrationTest:56 - ***** Finished TC001_AccountRegistrationTest *****
2024-05-09 07:07:30 INFO  TC002_LoginTest:16 - ****** Startign TC_002_LoginTest *****
2024-05-09 07:07:32 INFO  TC002_LoginTest:41 - ****** Finished TC_002_LoginTest *****
2024-05-09 07:10:46 INFO  TC001_AccountRegistrationTest:15 - ***** Starting TC001_AccountRegistrationTest  ****
2024-05-09 07:10:46 INFO  TC001_AccountRegistrationTest:21 - Clicked on MyAccount Link.. 
2024-05-09 07:10:47 INFO  TC001_AccountRegistrationTest:24 - Clicked on Register Link.. 
2024-05-09 07:10:47 INFO  TC001_AccountRegistrationTest:28 - Providing customer details...
2024-05-09 07:10:48 INFO  TC001_AccountRegistrationTest:42 - Validating expected message..
2024-05-09 07:10:48 INFO  TC001_AccountRegistrationTest:47 - Test passed
2024-05-09 07:10:48 INFO  TC001_AccountRegistrationTest:56 - ***** Finished TC001_AccountRegistrationTest *****
2024-05-09 07:10:53 INFO  TC002_LoginTest:16 - ****** Startign TC_002_LoginTest *****
2024-05-09 07:10:55 INFO  TC002_LoginTest:41 - ****** Finished TC_002_LoginTest *****
2024-12-21 13:55:21 INFO  Utils:112 - [Utils] MethodGroupsHelper.collectMethodsByGroup() took 2 ms.
2024-12-21 13:55:21 INFO  Utils:112 - [Utils] MethodGroupsHelper.sortMethods() took 5 ms.
2024-12-21 13:55:21 INFO  Utils:112 - [Utils] MethodGroupsHelper.collectMethodsByGroup() took 0 ms.
2024-12-21 13:55:21 INFO  Utils:112 - [Utils] MethodGroupsHelper.sortMethods() took 0 ms.
2024-12-21 13:55:21 INFO  Utils:112 - [Utils] MethodGroupsHelper.collectMethodsByGroup() took 0 ms.
2024-12-21 13:55:21 INFO  Utils:112 - [Utils] MethodGroupsHelper.sortMethods() took 0 ms.
2024-12-21 13:55:21 INFO  Utils:112 - [Utils] MethodGroupsHelper.collectMethodsByGroup() took 0 ms.
2024-12-21 13:55:21 INFO  Utils:112 - [Utils] MethodGroupsHelper.sortMethods() took 0 ms.
2024-12-21 13:55:21 INFO  Utils:112 - [Utils] MethodGroupsHelper.collectMethodsByGroup() took 27 ms.
2024-12-21 13:55:21 INFO  Utils:112 - [Utils] MethodGroupsHelper.sortMethods() took 35 ms.
2024-12-21 13:55:21 INFO  Utils:112 - [Utils] MethodGroupsHelper.collectMethodsByGroup() took 0 ms.
2024-12-21 13:55:21 INFO  Utils:112 - [Utils] MethodGroupsHelper.sortMethods() took 0 ms.
2024-12-21 13:55:21 INFO  Utils:112 - [Utils] MethodGroupsHelper.collectMethodsByGroup() took 0 ms.
2024-12-21 13:55:21 INFO  Utils:112 - [Utils] MethodGroupsHelper.sortMethods() took 0 ms.
2024-12-21 13:55:21 INFO  Utils:112 - [Utils] MethodGroupsHelper.collectMethodsByGroup() took 0 ms.
2024-12-21 13:55:21 INFO  Utils:112 - [Utils] MethodGroupsHelper.sortMethods() took 0 ms.
2024-12-21 13:55:21 INFO  Utils:112 - [Utils] MethodGroupsHelper.collectMethodsByGroup() took 0 ms.
2024-12-21 13:55:21 INFO  Utils:112 - [Utils] MethodGroupsHelper.sortMethods() took 1 ms.
2024-12-21 13:55:21 INFO  Utils:112 - [Utils] MethodGroupsHelper.collectMethodsByGroup() took 0 ms.
2024-12-21 13:55:21 INFO  Utils:112 - [Utils] MethodGroupsHelper.sortMethods() took 0 ms.
2024-12-21 13:55:21 INFO  Utils:112 - [Utils] MethodGroupsHelper.collectMethodsByGroup() took 0 ms.
2024-12-21 13:55:21 INFO  Utils:112 - [Utils] MethodGroupsHelper.sortMethods() took 0 ms.
2024-12-21 13:55:21 INFO  Utils:112 - [Utils] MethodGroupsHelper.collectMethodsByGroup() took 0 ms.
2024-12-21 13:55:21 INFO  Utils:112 - [Utils] MethodGroupsHelper.sortMethods() took 0 ms.
2024-12-21 13:55:21 INFO  Utils:112 - [Utils] MethodGroupsHelper.collectMethodsByGroup() took 0 ms.
2024-12-21 13:55:21 INFO  Utils:112 - [Utils] MethodGroupsHelper.sortMethods() took 0 ms.
2024-12-21 13:55:21 INFO  Utils:112 - [Utils] MethodGroupsHelper.collectMethodsByGroup() took 0 ms.
2024-12-21 13:55:21 INFO  Utils:112 - [Utils] MethodGroupsHelper.sortMethods() took 0 ms.
2024-12-21 13:55:21 INFO  Utils:112 - [Utils] MethodGroupsHelper.collectMethodsByGroup() took 0 ms.
2024-12-21 13:55:21 INFO  Utils:112 - [Utils] MethodGroupsHelper.sortMethods() took 0 ms.
2024-12-21 13:55:21 INFO  Utils:112 - [TestNG] Running:
  C:\Users\nithi\AppData\Local\Temp\testng-eclipse-1513444880\testng-customsuite.xml

2024-12-21 13:55:21 INFO  Utils:112 - [Utils] DynamicGraphHelper.createDynamicGraph() took 11 ms.
2024-12-21 13:55:21 INFO  Utils:112 - [TestNG] Time taken by org.testng.reporters.SuiteHTMLReporter@68d6972f: 28 ms
2024-12-21 13:55:21 INFO  Utils:112 - [TestNG] Time taken by org.testng.reporters.jq.Main@5bda80bf: 70 ms
2024-12-21 13:55:21 INFO  Utils:112 - [TestNG] Time taken by org.testng.reporters.FailedReporter@3ebff828: 31 ms
2024-12-21 13:55:21 INFO  Utils:112 - [TestNG] Time taken by org.testng.reporters.XMLReporter@6c345c5f: 16 ms
2024-12-21 13:55:21 INFO  Utils:112 - [TestNG] Time taken by org.testng.reporters.EmailableReporter2@5c48c0c0: 17 ms
2024-12-21 13:55:21 INFO  Utils:112 - [TestNG] Time taken by org.testng.reporters.JUnitReportReporter@439a8f59: 12 ms
2024-12-21 13:55:21 INFO  Utils:112 - [TestNG] Time taken by org.testng.internal.ExitCodeListener@61861a29: 0 ms
2024-12-21 14:01:38 INFO  Utils:112 - [TestNG] Running:
  C:\Users\nithi\eclipse-workspace\Opencartv123\master.xml

2024-12-21 14:01:47 INFO  TC001_AccountRegistrationTest:15 - ***** Starting TC001_AccountRegistrationTest  ****
2024-12-21 14:01:47 INFO  TC001_AccountRegistrationTest:21 - Clicked on MyAccount Link.. 
2024-12-21 14:01:48 INFO  TC001_AccountRegistrationTest:24 - Clicked on Register Link.. 
2024-12-21 14:01:48 INFO  TC001_AccountRegistrationTest:28 - Providing customer details...
2024-12-21 14:01:51 INFO  TC001_AccountRegistrationTest:42 - Validating expected message..
2024-12-21 14:01:51 INFO  TC001_AccountRegistrationTest:47 - Test passed
2024-12-21 14:01:51 INFO  TC001_AccountRegistrationTest:56 - ***** Finished TC001_AccountRegistrationTest *****
2024-12-21 14:01:53 INFO  TC002_LoginTest:16 - ****** Startign TC_002_LoginTest *****
2024-12-21 14:02:55 INFO  Utils:112 - [TestNG] Running:
  C:\Users\nithi\eclipse-workspace\Opencartv123\crossbrowsertesting.xml

2024-12-21 14:03:01 INFO  TC001_AccountRegistrationTest:15 - ***** Starting TC001_AccountRegistrationTest  ****
2024-12-21 14:03:01 INFO  TC001_AccountRegistrationTest:21 - Clicked on MyAccount Link.. 
2024-12-21 14:03:02 INFO  TC001_AccountRegistrationTest:24 - Clicked on Register Link.. 
2024-12-21 14:03:02 INFO  TC001_AccountRegistrationTest:28 - Providing customer details...
2024-12-21 14:03:04 INFO  TC001_AccountRegistrationTest:42 - Validating expected message..
2024-12-21 14:03:04 INFO  TC001_AccountRegistrationTest:47 - Test passed
2024-12-21 14:03:04 INFO  TC001_AccountRegistrationTest:56 - ***** Finished TC001_AccountRegistrationTest *****
2024-12-21 14:03:51 INFO  TC001_AccountRegistrationTest:15 - ***** Starting TC001_AccountRegistrationTest  ****
2024-12-21 14:03:51 INFO  TC001_AccountRegistrationTest:21 - Clicked on MyAccount Link.. 
2024-12-21 14:03:52 INFO  TC001_AccountRegistrationTest:24 - Clicked on Register Link.. 
2024-12-21 14:03:52 INFO  TC001_AccountRegistrationTest:28 - Providing customer details...
2024-12-21 14:03:53 INFO  TC001_AccountRegistrationTest:42 - Validating expected message..
2024-12-21 14:03:53 INFO  TC001_AccountRegistrationTest:47 - Test passed
2024-12-21 14:03:53 INFO  TC001_AccountRegistrationTest:56 - ***** Finished TC001_AccountRegistrationTest *****
2024-12-21 14:12:16 INFO  Utils:112 - [TestNG] Running:
  C:\Users\nithi\eclipse-workspace\Opencartv123\master.xml

2024-12-21 14:12:20 INFO  TC001_AccountRegistrationTest:15 - ***** Starting TC001_AccountRegistrationTest  ****
2024-12-21 14:12:21 INFO  TC001_AccountRegistrationTest:21 - Clicked on MyAccount Link.. 
2024-12-21 14:12:21 INFO  TC001_AccountRegistrationTest:24 - Clicked on Register Link.. 
2024-12-21 14:12:21 INFO  TC001_AccountRegistrationTest:28 - Providing customer details...
2024-12-21 14:12:24 INFO  TC001_AccountRegistrationTest:42 - Validating expected message..
2024-12-21 14:12:24 INFO  TC001_AccountRegistrationTest:47 - Test passed
2024-12-21 14:12:24 INFO  TC001_AccountRegistrationTest:56 - ***** Finished TC001_AccountRegistrationTest *****
2024-12-21 14:12:27 INFO  TC002_LoginTest:16 - ****** Startign TC_002_LoginTest *****
2024-12-21 14:13:07 INFO  Utils:112 - [TestNG] Running:
  C:\Users\nithi\eclipse-workspace\Opencartv123\master.xml

2024-12-21 14:13:12 INFO  TC001_AccountRegistrationTest:15 - ***** Starting TC001_AccountRegistrationTest  ****
2024-12-21 14:13:12 INFO  TC001_AccountRegistrationTest:21 - Clicked on MyAccount Link.. 
2024-12-21 14:13:12 INFO  TC001_AccountRegistrationTest:24 - Clicked on Register Link.. 
2024-12-21 14:13:12 INFO  TC001_AccountRegistrationTest:28 - Providing customer details...
2024-12-21 14:13:15 INFO  TC001_AccountRegistrationTest:42 - Validating expected message..
2024-12-21 14:13:15 INFO  TC001_AccountRegistrationTest:47 - Test passed
2024-12-21 14:13:15 INFO  TC001_AccountRegistrationTest:56 - ***** Finished TC001_AccountRegistrationTest *****
2024-12-21 14:13:18 INFO  TC002_LoginTest:16 - ****** Startign TC_002_LoginTest *****
2024-12-21 14:14:24 INFO  Utils:112 - [TestNG] Running:
  C:\Users\nithi\eclipse-workspace\Opencartv123\grouping.xml

2024-12-21 14:14:28 INFO  TC001_AccountRegistrationTest:15 - ***** Starting TC001_AccountRegistrationTest  ****
2024-12-21 14:14:28 INFO  TC001_AccountRegistrationTest:21 - Clicked on MyAccount Link.. 
2024-12-21 14:14:29 INFO  TC001_AccountRegistrationTest:24 - Clicked on Register Link.. 
2024-12-21 14:14:29 INFO  TC001_AccountRegistrationTest:28 - Providing customer details...
2024-12-21 14:14:31 INFO  TC001_AccountRegistrationTest:42 - Validating expected message..
2024-12-21 14:14:31 INFO  TC001_AccountRegistrationTest:47 - Test passed
2024-12-21 14:14:31 INFO  TC001_AccountRegistrationTest:56 - ***** Finished TC001_AccountRegistrationTest *****
2024-12-21 14:14:33 INFO  TC002_LoginTest:16 - ****** Startign TC_002_LoginTest *****
2024-12-21 14:19:29 INFO  Utils:112 - [TestNG] Running:
  C:\Users\nithi\eclipse-workspace\Opencartv123\master.xml

2024-12-21 14:19:33 INFO  TC001_AccountRegistrationTest:15 - ***** Starting TC001_AccountRegistrationTest  ****
2024-12-21 14:19:33 INFO  TC001_AccountRegistrationTest:21 - Clicked on MyAccount Link.. 
2024-12-21 14:19:34 INFO  TC001_AccountRegistrationTest:24 - Clicked on Register Link.. 
2024-12-21 14:19:34 INFO  TC001_AccountRegistrationTest:28 - Providing customer details...
2024-12-21 14:19:37 INFO  TC001_AccountRegistrationTest:42 - Validating expected message..
2024-12-21 14:19:37 INFO  TC001_AccountRegistrationTest:47 - Test passed
2024-12-21 14:19:37 INFO  TC001_AccountRegistrationTest:56 - ***** Finished TC001_AccountRegistrationTest *****
2024-12-21 14:19:39 INFO  TC002_LoginTest:16 - ****** Startign TC_002_LoginTest *****
2024-12-21 14:19:41 INFO  TC002_LoginTest:41 - ****** Finished TC_002_LoginTest *****
2024-12-21 14:29:51 INFO  Utils:112 - [TestNG] Running:
  C:\Users\nithi\eclipse-workspace\Opencartv123\master.xml

2024-12-21 14:29:56 INFO  TC001_AccountRegistrationTest:15 - ***** Starting TC001_AccountRegistrationTest  ****
2024-12-21 14:29:56 INFO  TC001_AccountRegistrationTest:21 - Clicked on MyAccount Link.. 
2024-12-21 14:29:57 INFO  TC001_AccountRegistrationTest:24 - Clicked on Register Link.. 
2024-12-21 14:29:57 INFO  TC001_AccountRegistrationTest:28 - Providing customer details...
2024-12-21 14:29:59 INFO  TC001_AccountRegistrationTest:42 - Validating expected message..
2024-12-21 14:29:59 INFO  TC001_AccountRegistrationTest:47 - Test passed
2024-12-21 14:29:59 INFO  TC001_AccountRegistrationTest:56 - ***** Finished TC001_AccountRegistrationTest *****
2024-12-21 14:30:02 INFO  TC002_LoginTest:16 - ****** Startign TC_002_LoginTest *****
2024-12-21 14:30:06 INFO  TC002_LoginTest:41 - ****** Finished TC_002_LoginTest *****
2024-12-21 14:31:08 INFO  Utils:112 - [TestNG] Running:
  C:\Users\nithi\eclipse-workspace\Opencartv123\master.xml

2024-12-21 14:31:13 INFO  TC001_AccountRegistrationTest:15 - ***** Starting TC001_AccountRegistrationTest  ****
2024-12-21 14:31:13 INFO  TC001_AccountRegistrationTest:21 - Clicked on MyAccount Link.. 
2024-12-21 14:31:23 ERROR TC001_AccountRegistrationTest:51 - Test failed: no such element: Unable to locate element: {"method":"xpath","selector":"//a[normalize-space()='Register']"}
  (Session info: chrome=121.0.6167.140)
For documentation on this error, please visit: https://www.selenium.dev/documentation/webdriver/troubleshooting/errors#no-such-element-exception
Build info: version: '4.20.0', revision: '866c76ca80'
System info: os.name: 'Windows 11', os.arch: 'amd64', os.version: '10.0', java.version: '23.0.1'
Driver info: org.openqa.selenium.chrome.ChromeDriver
Command: [8d2d35373330fb33032b3d7edfecd7b3, findElement {value=//a[normalize-space()='Register'], using=xpath}]
Capabilities {acceptInsecureCerts: false, browserName: chrome, browserVersion: 121.0.6167.140, chrome: {chromedriverVersion: 121.0.6167.184 (057a8ae7deb..., userDataDir: C:\Users\nithi\AppData\Loca...}, fedcm:accounts: true, goog:chromeOptions: {debuggerAddress: localhost:51378}, networkConnectionEnabled: false, pageLoadStrategy: normal, platformName: windows, proxy: Proxy(), se:cdp: ws://localhost:51378/devtoo..., se:cdpVersion: 121.0.6167.140, setWindowRect: true, strictFileInteractability: false, timeouts: {implicit: 0, pageLoad: 300000, script: 30000}, unhandledPromptBehavior: dismiss and notify, webauthn:extension:credBlob: true, webauthn:extension:largeBlob: true, webauthn:extension:minPinLength: true, webauthn:extension:prf: true, webauthn:virtualAuthenticators: true}
Session ID: 8d2d35373330fb33032b3d7edfecd7b3
2024-12-21 14:31:23 INFO  TC001_AccountRegistrationTest:56 - ***** Finished TC001_AccountRegistrationTest *****
2024-12-21 14:31:27 INFO  TC002_LoginTest:16 - ****** Startign TC_002_LoginTest *****
2024-12-21 14:31:55 INFO  Utils:112 - [TestNG] Running:
  C:\Users\nithi\eclipse-workspace\Opencartv123\master.xml

2024-12-21 14:31:59 INFO  TC001_AccountRegistrationTest:15 - ***** Starting TC001_AccountRegistrationTest  ****
2024-12-21 14:32:00 INFO  TC001_AccountRegistrationTest:21 - Clicked on MyAccount Link.. 
2024-12-21 14:32:04 ERROR TC001_AccountRegistrationTest:51 - Test failed: Unable to find element with locator By.xpath: //a[normalize-space()='Register']
For documentation on this error, please visit: https://www.selenium.dev/documentation/webdriver/troubleshooting/errors#no-such-element-exception
Build info: version: '4.20.0', revision: '866c76ca80'
System info: os.name: 'Windows 11', os.arch: 'amd64', os.version: '10.0', java.version: '23.0.1'
Driver info: driver.version: RemoteWebDriver
2024-12-21 14:32:04 INFO  TC001_AccountRegistrationTest:56 - ***** Finished TC001_AccountRegistrationTest *****
2024-12-21 15:19:07 INFO  Utils:112 - [Utils] MethodGroupsHelper.collectMethodsByGroup() took 0 ms.
2024-12-21 15:19:07 INFO  Utils:112 - [Utils] MethodGroupsHelper.sortMethods() took 1 ms.
2024-12-21 15:19:07 INFO  Utils:112 - [Utils] MethodGroupsHelper.collectMethodsByGroup() took 0 ms.
2024-12-21 15:19:07 INFO  Utils:112 - [Utils] MethodGroupsHelper.sortMethods() took 0 ms.
2024-12-21 15:19:07 INFO  Utils:112 - [Utils] MethodGroupsHelper.collectMethodsByGroup() took 0 ms.
2024-12-21 15:19:07 INFO  Utils:112 - [Utils] MethodGroupsHelper.sortMethods() took 0 ms.
2024-12-21 15:19:07 INFO  Utils:112 - [Utils] MethodGroupsHelper.collectMethodsByGroup() took 0 ms.
2024-12-21 15:19:07 INFO  Utils:112 - [Utils] MethodGroupsHelper.sortMethods() took 0 ms.
2024-12-21 15:19:07 INFO  Utils:112 - [Utils] MethodGroupsHelper.collectMethodsByGroup() took 19 ms.
2024-12-21 15:19:07 INFO  Utils:112 - [Utils] MethodGroupsHelper.sortMethods() took 12 ms.
2024-12-21 15:19:07 INFO  Utils:112 - [Utils] MethodGroupsHelper.collectMethodsByGroup() took 0 ms.
2024-12-21 15:19:07 INFO  Utils:112 - [Utils] MethodGroupsHelper.sortMethods() took 0 ms.
2024-12-21 15:19:07 INFO  Utils:112 - [Utils] MethodGroupsHelper.collectMethodsByGroup() took 0 ms.
2024-12-21 15:19:07 INFO  Utils:112 - [Utils] MethodGroupsHelper.sortMethods() took 0 ms.
2024-12-21 15:19:07 INFO  Utils:112 - [Utils] MethodGroupsHelper.collectMethodsByGroup() took 0 ms.
2024-12-21 15:19:07 INFO  Utils:112 - [Utils] MethodGroupsHelper.sortMethods() took 0 ms.
2024-12-21 15:19:07 INFO  Utils:112 - [Utils] MethodGroupsHelper.collectMethodsByGroup() took 0 ms.
2024-12-21 15:19:07 INFO  Utils:112 - [Utils] MethodGroupsHelper.sortMethods() took 0 ms.
2024-12-21 15:19:07 INFO  Utils:112 - [Utils] MethodGroupsHelper.collectMethodsByGroup() took 0 ms.
2024-12-21 15:19:07 INFO  Utils:112 - [Utils] MethodGroupsHelper.sortMethods() took 0 ms.
2024-12-21 15:19:07 INFO  Utils:112 - [Utils] MethodGroupsHelper.collectMethodsByGroup() took 0 ms.
2024-12-21 15:19:07 INFO  Utils:112 - [Utils] MethodGroupsHelper.sortMethods() took 0 ms.
2024-12-21 15:19:07 INFO  Utils:112 - [Utils] MethodGroupsHelper.collectMethodsByGroup() took 0 ms.
2024-12-21 15:19:07 INFO  Utils:112 - [Utils] MethodGroupsHelper.sortMethods() took 0 ms.
2024-12-21 15:19:07 INFO  Utils:112 - [Utils] MethodGroupsHelper.collectMethodsByGroup() took 0 ms.
2024-12-21 15:19:07 INFO  Utils:112 - [Utils] MethodGroupsHelper.sortMethods() took 0 ms.
2024-12-21 15:19:07 INFO  Utils:112 - [Utils] MethodGroupsHelper.collectMethodsByGroup() took 0 ms.
2024-12-21 15:19:07 INFO  Utils:112 - [Utils] MethodGroupsHelper.sortMethods() took 0 ms.
2024-12-21 15:19:07 INFO  Utils:112 - [Utils] MethodGroupsHelper.collectMethodsByGroup() took 0 ms.
2024-12-21 15:19:07 INFO  Utils:112 - [Utils] MethodGroupsHelper.sortMethods() took 0 ms.
2024-12-21 15:19:07 INFO  Utils:112 - [TestNG] Running:
  C:\Users\nithi\AppData\Local\Temp\testng-eclipse-195634972\testng-customsuite.xml

2024-12-21 15:19:07 INFO  Utils:112 - [Utils] DynamicGraphHelper.createDynamicGraph() took 3 ms.
2024-12-21 15:19:07 INFO  Utils:112 - [TestNG] Time taken by org.testng.reporters.SuiteHTMLReporter@68d6972f: 26 ms
2024-12-21 15:19:07 INFO  Utils:112 - [TestNG] Time taken by org.testng.reporters.jq.Main@5bda80bf: 65 ms
2024-12-21 15:19:07 INFO  Utils:112 - [TestNG] Time taken by org.testng.reporters.FailedReporter@3ebff828: 10 ms
2024-12-21 15:19:07 INFO  Utils:112 - [TestNG] Time taken by org.testng.reporters.XMLReporter@6c345c5f: 13 ms
2024-12-21 15:19:07 INFO  Utils:112 - [TestNG] Time taken by org.testng.reporters.EmailableReporter2@5c48c0c0: 8 ms
2024-12-21 15:19:07 INFO  Utils:112 - [TestNG] Time taken by org.testng.reporters.JUnitReportReporter@439a8f59: 10 ms
2024-12-21 15:19:07 INFO  Utils:112 - [TestNG] Time taken by org.testng.internal.ExitCodeListener@61861a29: 0 ms
2024-12-21 15:24:24 INFO  Utils:112 - [TestNG] Running:
  C:\Users\nithi\eclipse-workspace\Opencartv123\master.xml

2024-12-21 15:24:28 INFO  TC001_AccountRegistrationTest:15 - ***** Starting TC001_AccountRegistrationTest  ****
2024-12-21 15:24:28 INFO  TC001_AccountRegistrationTest:21 - Clicked on MyAccount Link.. 
2024-12-21 15:24:29 INFO  TC001_AccountRegistrationTest:24 - Clicked on Register Link.. 
2024-12-21 15:24:29 INFO  TC001_AccountRegistrationTest:28 - Providing customer details...
2024-12-21 15:24:30 INFO  TC001_AccountRegistrationTest:42 - Validating expected message..
2024-12-21 15:24:30 INFO  TC001_AccountRegistrationTest:47 - Test passed
2024-12-21 15:24:30 INFO  TC001_AccountRegistrationTest:56 - ***** Finished TC001_AccountRegistrationTest *****
2024-12-21 15:24:33 INFO  TC002_LoginTest:16 - ****** Startign TC_002_LoginTest *****
2024-12-21 15:24:34 INFO  TC002_LoginTest:41 - ****** Finished TC_002_LoginTest *****
2024-12-21 15:30:10 INFO  Utils:112 - [TestNG] Running:
  C:\Users\nithi\eclipse-workspace\Opencartv123\master.xml

2024-12-21 15:30:14 INFO  TC001_AccountRegistrationTest:15 - ***** Starting TC001_AccountRegistrationTest  ****
2024-12-21 15:30:14 INFO  TC001_AccountRegistrationTest:21 - Clicked on MyAccount Link.. 
2024-12-21 15:30:14 INFO  TC001_AccountRegistrationTest:24 - Clicked on Register Link.. 
2024-12-21 15:30:14 INFO  TC001_AccountRegistrationTest:28 - Providing customer details...
2024-12-21 15:30:16 INFO  TC001_AccountRegistrationTest:42 - Validating expected message..
2024-12-21 15:30:16 INFO  TC001_AccountRegistrationTest:47 - Test passed
2024-12-21 15:30:16 INFO  TC001_AccountRegistrationTest:56 - ***** Finished TC001_AccountRegistrationTest *****
2024-12-21 15:30:18 INFO  TC002_LoginTest:16 - ****** Startign TC_002_LoginTest *****
2024-12-21 15:30:20 INFO  TC002_LoginTest:41 - ****** Finished TC_002_LoginTest *****
2024-12-21 15:32:10 INFO  Utils:112 - [TestNG] Running:
  C:\Users\nithi\eclipse-workspace\Opencartv123\master.xml

2024-12-21 15:32:13 INFO  TC001_AccountRegistrationTest:15 - ***** Starting TC001_AccountRegistrationTest  ****
2024-12-21 15:32:13 INFO  TC001_AccountRegistrationTest:21 - Clicked on MyAccount Link.. 
2024-12-21 15:32:14 INFO  TC001_AccountRegistrationTest:24 - Clicked on Register Link.. 
2024-12-21 15:32:14 INFO  TC001_AccountRegistrationTest:28 - Providing customer details...
2024-12-21 15:32:15 INFO  TC001_AccountRegistrationTest:42 - Validating expected message..
2024-12-21 15:32:15 INFO  TC001_AccountRegistrationTest:47 - Test passed
2024-12-21 15:32:15 INFO  TC001_AccountRegistrationTest:56 - ***** Finished TC001_AccountRegistrationTest *****
2024-12-21 15:32:17 INFO  TC002_LoginTest:16 - ****** Startign TC_002_LoginTest *****
2024-12-21 15:32:19 INFO  TC002_LoginTest:41 - ****** Finished TC_002_LoginTest *****
2024-12-21 15:51:32 INFO  Utils:112 - [TestNG] Running:
  C:\Users\nithi\eclipse-workspace\Opencartv123\master.xml

2024-12-21 15:51:35 INFO  TC001_AccountRegistrationTest:15 - ***** Starting TC001_AccountRegistrationTest  ****
2024-12-21 15:51:35 INFO  TC001_AccountRegistrationTest:21 - Clicked on MyAccount Link.. 
2024-12-21 15:51:36 INFO  TC001_AccountRegistrationTest:24 - Clicked on Register Link.. 
2024-12-21 15:51:36 INFO  TC001_AccountRegistrationTest:28 - Providing customer details...
2024-12-21 15:51:37 INFO  TC001_AccountRegistrationTest:42 - Validating expected message..
2024-12-21 15:51:37 INFO  TC001_AccountRegistrationTest:47 - Test passed
2024-12-21 15:51:37 INFO  TC001_AccountRegistrationTest:56 - ***** Finished TC001_AccountRegistrationTest *****
2024-12-21 15:51:39 INFO  TC002_LoginTest:16 - ****** Startign TC_002_LoginTest *****
2024-12-21 15:51:41 INFO  TC002_LoginTest:41 - ****** Finished TC_002_LoginTest *****
2024-12-21 15:52:01 INFO  Utils:112 - [TestNG] Running:
  C:\Users\nithi\eclipse-workspace\Opencartv123\master.xml

2024-12-21 15:52:04 INFO  TC001_AccountRegistrationTest:15 - ***** Starting TC001_AccountRegistrationTest  ****
2024-12-21 15:52:04 INFO  TC001_AccountRegistrationTest:21 - Clicked on MyAccount Link.. 
2024-12-21 15:52:05 INFO  TC001_AccountRegistrationTest:24 - Clicked on Register Link.. 
2024-12-21 15:52:05 INFO  TC001_AccountRegistrationTest:28 - Providing customer details...
2024-12-21 15:52:06 INFO  TC001_AccountRegistrationTest:42 - Validating expected message..
2024-12-21 15:52:06 INFO  TC001_AccountRegistrationTest:47 - Test passed
2024-12-21 15:52:06 INFO  TC001_AccountRegistrationTest:56 - ***** Finished TC001_AccountRegistrationTest *****
2024-12-21 15:52:08 INFO  TC002_LoginTest:16 - ****** Startign TC_002_LoginTest *****
2024-12-21 15:52:10 INFO  TC002_LoginTest:41 - ****** Finished TC_002_LoginTest *****
2024-12-21 15:52:56 INFO  Utils:112 - [TestNG] Running:
  C:\Users\nithi\eclipse-workspace\Opencartv123\master.xml

2024-12-21 15:53:02 INFO  TC001_AccountRegistrationTest:15 - ***** Starting TC001_AccountRegistrationTest  ****
2024-12-21 15:53:02 INFO  TC001_AccountRegistrationTest:21 - Clicked on MyAccount Link.. 
2024-12-21 15:53:03 INFO  TC001_AccountRegistrationTest:24 - Clicked on Register Link.. 
2024-12-21 15:53:03 INFO  TC001_AccountRegistrationTest:28 - Providing customer details...
2024-12-21 15:53:04 INFO  TC001_AccountRegistrationTest:42 - Validating expected message..
2024-12-21 15:53:04 INFO  TC001_AccountRegistrationTest:47 - Test passed
2024-12-21 15:53:04 INFO  TC001_AccountRegistrationTest:56 - ***** Finished TC001_AccountRegistrationTest *****
2024-12-21 15:53:06 INFO  TC002_LoginTest:16 - ****** Startign TC_002_LoginTest *****
2024-12-21 15:53:08 INFO  TC002_LoginTest:41 - ****** Finished TC_002_LoginTest *****
2024-12-21 15:54:37 INFO  Utils:112 - [TestNG] Running:
  C:\Users\nithi\eclipse-workspace\Opencartv123\master.xml

2024-12-21 15:54:40 INFO  TC001_AccountRegistrationTest:15 - ***** Starting TC001_AccountRegistrationTest  ****
2024-12-21 15:54:40 INFO  TC001_AccountRegistrationTest:21 - Clicked on MyAccount Link.. 
2024-12-21 15:54:40 INFO  TC001_AccountRegistrationTest:24 - Clicked on Register Link.. 
2024-12-21 15:54:40 INFO  TC001_AccountRegistrationTest:28 - Providing customer details...
2024-12-21 15:54:41 INFO  TC001_AccountRegistrationTest:42 - Validating expected message..
2024-12-21 15:54:42 INFO  TC001_AccountRegistrationTest:47 - Test passed
2024-12-21 15:54:42 INFO  TC001_AccountRegistrationTest:56 - ***** Finished TC001_AccountRegistrationTest *****
2024-12-21 15:54:44 INFO  TC002_LoginTest:16 - ****** Startign TC_002_LoginTest *****
2024-12-21 15:54:45 INFO  TC002_LoginTest:41 - ****** Finished TC_002_LoginTest *****
2024-12-21 15:58:52 INFO  Utils:112 - [TestNG] Running:
  C:\Users\nithi\eclipse-workspace\Opencartv123\master.xml

2024-12-21 15:59:33 INFO  TC002_LoginTest:16 - ****** Startign TC_002_LoginTest *****
2024-12-21 15:59:35 INFO  TC002_LoginTest:41 - ****** Finished TC_002_LoginTest *****
2024-12-21 16:01:14 INFO  Utils:112 - [TestNG] Running:
  C:\Users\nithi\eclipse-workspace\Opencartv123\master.xml

2024-12-21 16:01:19 INFO  TC001_AccountRegistrationTest:15 - ***** Starting TC001_AccountRegistrationTest  ****
2024-12-21 16:01:19 INFO  TC001_AccountRegistrationTest:21 - Clicked on MyAccount Link.. 
2024-12-21 16:01:19 INFO  TC001_AccountRegistrationTest:24 - Clicked on Register Link.. 
2024-12-21 16:01:19 INFO  TC001_AccountRegistrationTest:28 - Providing customer details...
2024-12-21 16:01:22 INFO  TC001_AccountRegistrationTest:42 - Validating expected message..
2024-12-21 16:01:22 INFO  TC001_AccountRegistrationTest:47 - Test passed
2024-12-21 16:01:22 INFO  TC001_AccountRegistrationTest:56 - ***** Finished TC001_AccountRegistrationTest *****
2024-12-21 16:01:25 INFO  TC002_LoginTest:16 - ****** Startign TC_002_LoginTest *****
2024-12-21 16:01:26 INFO  TC002_LoginTest:41 - ****** Finished TC_002_LoginTest *****
2024-12-21 16:03:04 INFO  Utils:112 - [TestNG] Running:
  C:\Users\nithi\eclipse-workspace\Opencartv123\master.xml

2024-12-21 16:03:08 INFO  TC001_AccountRegistrationTest:15 - ***** Starting TC001_AccountRegistrationTest  ****
2024-12-21 16:03:08 INFO  TC001_AccountRegistrationTest:21 - Clicked on MyAccount Link.. 
2024-12-21 16:03:08 INFO  TC001_AccountRegistrationTest:24 - Clicked on Register Link.. 
2024-12-21 16:03:08 INFO  TC001_AccountRegistrationTest:28 - Providing customer details...
2024-12-21 16:03:11 INFO  TC001_AccountRegistrationTest:42 - Validating expected message..
2024-12-21 16:03:11 INFO  TC001_AccountRegistrationTest:47 - Test passed
2024-12-21 16:03:11 INFO  TC001_AccountRegistrationTest:56 - ***** Finished TC001_AccountRegistrationTest *****
2024-12-21 16:03:14 INFO  TC002_LoginTest:16 - ****** Startign TC_002_LoginTest *****
2024-12-21 16:03:16 INFO  TC002_LoginTest:41 - ****** Finished TC_002_LoginTest *****
2024-12-21 16:06:42 INFO  Utils:112 - [TestNG] Running:
  C:\Users\nithi\eclipse-workspace\Opencartv123\master.xml

2024-12-21 16:06:47 INFO  TC001_AccountRegistrationTest:15 - ***** Starting TC001_AccountRegistrationTest  ****
2024-12-21 16:06:47 INFO  TC001_AccountRegistrationTest:21 - Clicked on MyAccount Link.. 
2024-12-21 16:06:47 INFO  TC001_AccountRegistrationTest:24 - Clicked on Register Link.. 
2024-12-21 16:06:47 INFO  TC001_AccountRegistrationTest:28 - Providing customer details...
2024-12-21 16:06:50 INFO  TC001_AccountRegistrationTest:42 - Validating expected message..
2024-12-21 16:06:50 INFO  TC001_AccountRegistrationTest:47 - Test passed
2024-12-21 16:06:50 INFO  TC001_AccountRegistrationTest:56 - ***** Finished TC001_AccountRegistrationTest *****
2024-12-21 16:06:52 INFO  TC002_LoginTest:16 - ****** Startign TC_002_LoginTest *****
2024-12-21 16:06:54 INFO  TC002_LoginTest:41 - ****** Finished TC_002_LoginTest *****
2024-12-21 16:13:08 INFO  Utils:112 - [TestNG] Running:
  C:\Users\nithi\eclipse-workspace\Opencartv123\master.xml

2024-12-21 16:13:12 INFO  TC001_AccountRegistrationTest:15 - ***** Starting TC001_AccountRegistrationTest  ****
2024-12-21 16:13:12 INFO  TC001_AccountRegistrationTest:21 - Clicked on MyAccount Link.. 
2024-12-21 16:13:13 INFO  TC001_AccountRegistrationTest:24 - Clicked on Register Link.. 
2024-12-21 16:13:13 INFO  TC001_AccountRegistrationTest:28 - Providing customer details...
2024-12-21 16:13:15 INFO  TC001_AccountRegistrationTest:42 - Validating expected message..
2024-12-21 16:13:15 INFO  TC001_AccountRegistrationTest:47 - Test passed
2024-12-21 16:13:15 INFO  TC001_AccountRegistrationTest:56 - ***** Finished TC001_AccountRegistrationTest *****
2024-12-21 16:13:18 INFO  TC002_LoginTest:16 - ****** Startign TC_002_LoginTest *****
2024-12-21 16:13:21 INFO  TC002_LoginTest:41 - ****** Finished TC_002_LoginTest *****
2024-12-21 16:20:32 INFO  Utils:112 - [TestNG] Running:
  C:\Users\nithi\eclipse-workspace\Opencartv123\master.xml

2024-12-21 16:20:36 INFO  TC001_AccountRegistrationTest:15 - ***** Starting TC001_AccountRegistrationTest  ****
2024-12-21 16:20:36 INFO  TC001_AccountRegistrationTest:21 - Clicked on MyAccount Link.. 
2024-12-21 16:20:37 INFO  TC001_AccountRegistrationTest:24 - Clicked on Register Link.. 
2024-12-21 16:20:37 INFO  TC001_AccountRegistrationTest:28 - Providing customer details...
2024-12-21 16:20:39 INFO  TC001_AccountRegistrationTest:42 - Validating expected message..
2024-12-21 16:20:39 INFO  TC001_AccountRegistrationTest:47 - Test passed
2024-12-21 16:20:39 INFO  TC001_AccountRegistrationTest:56 - ***** Finished TC001_AccountRegistrationTest *****
2024-12-21 16:20:42 INFO  TC002_LoginTest:16 - ****** Startign TC_002_LoginTest *****
2024-12-21 16:20:44 INFO  TC002_LoginTest:41 - ****** Finished TC_002_LoginTest *****
2024-12-21 16:30:00 INFO  Utils:112 - [TestNG] Running:
  C:\Users\nithi\eclipse-workspace\Opencartv123\master.xml

2024-12-21 16:30:06 INFO  TC001_AccountRegistrationTest:15 - ***** Starting TC001_AccountRegistrationTest  ****
2024-12-21 16:30:06 INFO  TC001_AccountRegistrationTest:21 - Clicked on MyAccount Link.. 
2024-12-21 16:30:07 INFO  TC001_AccountRegistrationTest:24 - Clicked on Register Link.. 
2024-12-21 16:30:07 INFO  TC001_AccountRegistrationTest:28 - Providing customer details...
2024-12-21 16:30:09 INFO  TC001_AccountRegistrationTest:42 - Validating expected message..
2024-12-21 16:30:09 INFO  TC001_AccountRegistrationTest:47 - Test passed
2024-12-21 16:30:09 INFO  TC001_AccountRegistrationTest:56 - ***** Finished TC001_AccountRegistrationTest *****
2024-12-21 16:30:12 INFO  TC002_LoginTest:16 - ****** Startign TC_002_LoginTest *****
2024-12-21 16:30:14 INFO  TC002_LoginTest:41 - ****** Finished TC_002_LoginTest *****
2024-12-21 16:44:09 INFO  Utils:112 - [TestNG] Running:
  C:\Users\nithi\eclipse-workspace\Opencartv123\master.xml

2024-12-21 16:44:13 INFO  TC001_AccountRegistrationTest:15 - ***** Starting TC001_AccountRegistrationTest  ****
2024-12-21 16:44:14 INFO  TC001_AccountRegistrationTest:21 - Clicked on MyAccount Link.. 
2024-12-21 16:44:14 INFO  TC001_AccountRegistrationTest:24 - Clicked on Register Link.. 
2024-12-21 16:44:14 INFO  TC001_AccountRegistrationTest:28 - Providing customer details...
2024-12-21 16:44:17 INFO  TC001_AccountRegistrationTest:42 - Validating expected message..
2024-12-21 16:44:17 INFO  TC001_AccountRegistrationTest:47 - Test passed
2024-12-21 16:44:17 INFO  TC001_AccountRegistrationTest:56 - ***** Finished TC001_AccountRegistrationTest *****
2024-12-21 16:44:19 INFO  TC002_LoginTest:16 - ****** Startign TC_002_LoginTest *****
2024-12-21 16:44:21 INFO  TC002_LoginTest:41 - ****** Finished TC_002_LoginTest *****
2024-12-21 16:47:16 INFO  Utils:112 - [TestNG] Running:
  C:\Users\nithi\eclipse-workspace\Opencartv123\master.xml

2024-12-21 16:51:00 INFO  Utils:112 - [TestNG] Running:
  C:\Users\nithi\eclipse-workspace\Opencartv123\master.xml

2024-12-21 16:55:12 INFO  Utils:112 - [TestNG] Running:
  C:\Users\nithi\eclipse-workspace\Opencartv123\master.xml

2024-12-21 16:55:50 INFO  Utils:112 - [TestNG] Running:
  C:\Users\nithi\eclipse-workspace\Opencartv123\master.xml

2024-12-21 16:58:19 INFO  Utils:112 - [TestNG] Running:
  C:\Users\nithi\eclipse-workspace\Opencartv123\master.xml

2024-12-21 16:59:07 INFO  Utils:112 - [TestNG] Running:
  C:\Users\nithi\eclipse-workspace\Opencartv123\master.xml

2024-12-21 16:59:10 INFO  TC001_AccountRegistrationTest:15 - ***** Starting TC001_AccountRegistrationTest  ****
2024-12-21 16:59:11 INFO  TC001_AccountRegistrationTest:21 - Clicked on MyAccount Link.. 
2024-12-21 16:59:11 INFO  TC001_AccountRegistrationTest:24 - Clicked on Register Link.. 
2024-12-21 16:59:11 INFO  TC001_AccountRegistrationTest:28 - Providing customer details...
2024-12-21 16:59:14 INFO  TC001_AccountRegistrationTest:42 - Validating expected message..
2024-12-21 16:59:14 INFO  TC001_AccountRegistrationTest:47 - Test passed
2024-12-21 16:59:14 INFO  TC001_AccountRegistrationTest:56 - ***** Finished TC001_AccountRegistrationTest *****
2024-12-21 16:59:18 INFO  TC002_LoginTest:16 - ****** Startign TC_002_LoginTest *****
2024-12-21 16:59:20 INFO  TC002_LoginTest:41 - ****** Finished TC_002_LoginTest *****
2024-12-25 10:53:08 INFO  Utils:112 - [TestNG] Running:
  C:\Users\Ashwini\eclipse-workspace\opencart123\master.xml

2024-12-25 11:06:21 INFO  Utils:112 - [TestNG] Running:
  C:\Users\Ashwini\eclipse-workspace\opencart123\master.xml

2024-12-25 11:14:34 INFO  Utils:112 - [TestNG] Running:
  C:\Users\Ashwini\eclipse-workspace\opencart123\master.xml

2024-12-25 11:29:22 INFO  Utils:112 - [TestNG] Running:
  C:\Users\Ashwini\eclipse-workspace\opencart123\master.xml

2024-12-25 11:29:23 INFO  TC001_AccountRegistrationTest:15 - ***** Starting TC001_AccountRegistrationTest  ****
2024-12-25 11:29:23 ERROR TC001_AccountRegistrationTest:51 - Test failed: Cannot invoke "org.openqa.selenium.SearchContext.findElement(org.openqa.selenium.By)" because "this.searchContext" is null
2024-12-25 11:29:23 INFO  TC001_AccountRegistrationTest:56 - ***** Finished TC001_AccountRegistrationTest *****
2024-12-25 11:30:59 INFO  Utils:112 - [TestNG] Running:
  C:\Users\Ashwini\eclipse-workspace\opencart123\master.xml

2024-12-25 11:31:30 INFO  TC001_AccountRegistrationTest:15 - ***** Starting TC001_AccountRegistrationTest  ****
2024-12-25 11:31:30 INFO  TC001_AccountRegistrationTest:21 - Clicked on MyAccount Link.. 
2024-12-25 11:31:31 INFO  TC001_AccountRegistrationTest:24 - Clicked on Register Link.. 
2024-12-25 11:31:31 INFO  TC001_AccountRegistrationTest:28 - Providing customer details...
2024-12-25 11:31:33 INFO  TC001_AccountRegistrationTest:42 - Validating expected message..
2024-12-25 11:31:33 INFO  TC001_AccountRegistrationTest:47 - Test passed
2024-12-25 11:31:33 INFO  TC001_AccountRegistrationTest:56 - ***** Finished TC001_AccountRegistrationTest *****
2024-12-25 11:31:44 INFO  TC002_LoginTest:16 - ****** Startign TC_002_LoginTest *****
2024-12-25 11:31:46 INFO  TC002_LoginTest:41 - ****** Finished TC_002_LoginTest *****
2024-12-25 11:33:20 INFO  Utils:112 - [TestNG] Running:
  C:\Users\Ashwini\eclipse-workspace\opencart123\master.xml

2024-12-25 11:40:29 INFO  Utils:112 - [TestNG] Running:
  C:\Users\Ashwini\eclipse-workspace\opencart123\master.xml

2024-12-25 11:54:38 INFO  Utils:112 - [TestNG] Running:
  C:\Users\Ashwini\eclipse-workspace\opencart123\master.xml

2024-12-25 11:54:57 INFO  TC001_AccountRegistrationTest:15 - ***** Starting TC001_AccountRegistrationTest  ****
2024-12-25 11:54:57 INFO  TC001_AccountRegistrationTest:21 - Clicked on MyAccount Link.. 
2024-12-25 11:54:59 INFO  TC001_AccountRegistrationTest:24 - Clicked on Register Link.. 
2024-12-25 11:54:59 INFO  TC001_AccountRegistrationTest:28 - Providing customer details...
2024-12-25 11:55:00 INFO  TC001_AccountRegistrationTest:42 - Validating expected message..
2024-12-25 11:55:01 INFO  TC001_AccountRegistrationTest:47 - Test passed
2024-12-25 11:55:01 INFO  TC001_AccountRegistrationTest:56 - ***** Finished TC001_AccountRegistrationTest *****
2024-12-25 11:55:12 INFO  TC002_LoginTest:16 - ****** Startign TC_002_LoginTest *****
2024-12-25 11:55:15 INFO  TC002_LoginTest:41 - ****** Finished TC_002_LoginTest *****
2024-12-25 11:57:35 INFO  Utils:112 - [TestNG] Running:
  C:\Users\Ashwini\eclipse-workspace\opencart123\master.xml

2024-12-25 11:57:44 INFO  TC001_AccountRegistrationTest:15 - ***** Starting TC001_AccountRegistrationTest  ****
2024-12-25 11:57:44 INFO  TC001_AccountRegistrationTest:21 - Clicked on MyAccount Link.. 
2024-12-25 11:57:45 INFO  TC001_AccountRegistrationTest:24 - Clicked on Register Link.. 
2024-12-25 11:57:45 INFO  TC001_AccountRegistrationTest:28 - Providing customer details...
2024-12-25 11:57:47 INFO  TC001_AccountRegistrationTest:42 - Validating expected message..
2024-12-25 11:57:47 INFO  TC001_AccountRegistrationTest:47 - Test passed
2024-12-25 11:57:47 INFO  TC001_AccountRegistrationTest:56 - ***** Finished TC001_AccountRegistrationTest *****
2024-12-25 11:57:54 INFO  TC002_LoginTest:16 - ****** Startign TC_002_LoginTest *****
2024-12-25 11:57:56 INFO  TC002_LoginTest:41 - ****** Finished TC_002_LoginTest *****
2024-12-25 12:09:15 INFO  Utils:112 - [TestNG] Running:
  C:\Users\Ashwini\eclipse-workspace\opencart123\master.xml

2024-12-25 12:10:04 INFO  Utils:112 - [TestNG] Running:
  C:\Users\Ashwini\eclipse-workspace\opencart123\master.xml

2024-12-25 12:10:14 INFO  TC001_AccountRegistrationTest:15 - ***** Starting TC001_AccountRegistrationTest  ****
2024-12-25 12:10:14 INFO  TC001_AccountRegistrationTest:21 - Clicked on MyAccount Link.. 
2024-12-25 12:10:15 INFO  TC001_AccountRegistrationTest:24 - Clicked on Register Link.. 
2024-12-25 12:10:15 INFO  TC001_AccountRegistrationTest:28 - Providing customer details...
2024-12-25 12:10:17 INFO  TC001_AccountRegistrationTest:42 - Validating expected message..
2024-12-25 12:10:17 INFO  TC001_AccountRegistrationTest:47 - Test passed
2024-12-25 12:10:17 INFO  TC001_AccountRegistrationTest:56 - ***** Finished TC001_AccountRegistrationTest *****
2024-12-25 12:10:26 INFO  TC002_LoginTest:16 - ****** Startign TC_002_LoginTest *****
2024-12-25 12:10:27 INFO  TC002_LoginTest:41 - ****** Finished TC_002_LoginTest *****
2024-12-25 12:12:04 INFO  Utils:112 - [TestNG] Running:
  C:\Users\Ashwini\eclipse-workspace\opencart123\master.xml

2024-12-25 12:12:13 INFO  TC001_AccountRegistrationTest:15 - ***** Starting TC001_AccountRegistrationTest  ****
2024-12-25 12:12:13 INFO  TC001_AccountRegistrationTest:21 - Clicked on MyAccount Link.. 
2024-12-25 12:12:14 INFO  TC001_AccountRegistrationTest:24 - Clicked on Register Link.. 
2024-12-25 12:12:14 INFO  TC001_AccountRegistrationTest:28 - Providing customer details...
2024-12-25 12:12:16 INFO  TC001_AccountRegistrationTest:42 - Validating expected message..
2024-12-25 12:12:16 INFO  TC001_AccountRegistrationTest:47 - Test passed
2024-12-25 12:12:16 INFO  TC001_AccountRegistrationTest:56 - ***** Finished TC001_AccountRegistrationTest *****
2024-12-25 12:12:24 INFO  TC002_LoginTest:16 - ****** Startign TC_002_LoginTest *****
2024-12-25 12:12:27 INFO  TC002_LoginTest:41 - ****** Finished TC_002_LoginTest *****
